<?xml version="1.0" encoding="UTF-8" ?>
<testsuite errors="0" failures="0" hostname="marcmacbook.local" name="org.grails.plugin.resource.CSSRewriterResourceMapperTests" tests="3" time="0.193" timestamp="2011-03-04T11:42:01">
  <properties />
  <testcase classname="org.grails.plugin.resource.CSSRewriterResourceMapperTests" name="testCSSRewritingWithMovingFiles" time="0.049" />
  <testcase classname="org.grails.plugin.resource.CSSRewriterResourceMapperTests" name="testCSSRewritingWithRenamedFilesBySameUrl" time="0.05" />
  <testcase classname="org.grails.plugin.resource.CSSRewriterResourceMapperTests" name="testCSSRewritingWithInvalidURI" time="0.09" />
  <system-out><![CDATA[--Output from testCSSRewritingWithMovingFiles--
--Output from testCSSRewritingWithRenamedFilesBySameUrl--
--Output from testCSSRewritingWithInvalidURI--
]]></system-out>
  <system-err><![CDATA[--Output from testCSSRewritingWithMovingFiles--
--Output from testCSSRewritingWithRenamedFilesBySameUrl--
--Output from testCSSRewritingWithInvalidURI--
]]></system-err>
</testsuite>
