<?xml version="1.0" encoding="UTF-8" ?>
<testsuite errors="0" failures="0" hostname="marcmacbook.local" name="org.grails.plugin.resource.CSSPreprocessorResourceMapperTests" tests="2" time="0.928" timestamp="2011-03-04T11:42:00">
  <properties />
  <testcase classname="org.grails.plugin.resource.CSSPreprocessorResourceMapperTests" name="testCSSPreprocessing" time="0.804" />
  <testcase classname="org.grails.plugin.resource.CSSPreprocessorResourceMapperTests" name="testCSSPreprocessingWithInvalidURI" time="0.087" />
  <system-out><![CDATA[--Output from testCSSPreprocessing--
--Output from testCSSPreprocessingWithInvalidURI--
WARN (resource.CSSPreprocessorResourceMapper): Cannot resolve CSS resource, leaving link as is: #default#VML
WARN (resource.CSSPreprocessorResourceMapper): Cannot resolve CSS resource, leaving link as is: ####BULL
]]></system-out>
  <system-err><![CDATA[--Output from testCSSPreprocessing--
--Output from testCSSPreprocessingWithInvalidURI--
]]></system-err>
</testsuite>
