<?xml version="1.0" encoding="UTF-8" ?>
<testsuite errors="0" failures="0" hostname="marcmacbook.local" name="org.grails.plugin.resource.ResourceModulesBuilderTests" tests="3" time="0.153" timestamp="2011-03-04T11:42:01">
  <properties />
  <testcase classname="org.grails.plugin.resource.ResourceModulesBuilderTests" name="testDefaultBundleFalse" time="0.068" />
  <testcase classname="org.grails.plugin.resource.ResourceModulesBuilderTests" name="testDefaultBundling" time="0.058" />
  <testcase classname="org.grails.plugin.resource.ResourceModulesBuilderTests" name="testDefaultBundleWithName" time="0.023" />
  <system-out><![CDATA[--Output from testDefaultBundleFalse--
--Output from testDefaultBundling--
--Output from testDefaultBundleWithName--
]]></system-out>
  <system-err><![CDATA[--Output from testDefaultBundleFalse--
--Output from testDefaultBundling--
--Output from testDefaultBundleWithName--
]]></system-err>
</testsuite>
